  [4;36;1mSQL (0.2ms)[0m   [0;1m SELECT name
 FROM sqlite_master
 WHERE type = 'table' AND NOT name = 'sqlite_sequence'
[0m
  [4;35;1mAccession Load (0.0ms)[0m   [0mSQLite3::SQLException: no such table: Accessions: SELECT * FROM "Accessions" [0m
  [4;36;1mSQL (0.3ms)[0m   [0;1mSET SQL_AUTO_IS_NULL=0[0m
  [4;35;1mSQL (1.3ms)[0m   [0mSHOW TABLES[0m
  [4;36;1mAccession Columns (3.1ms)[0m   [0;1mSHOW FIELDS FROM `Accessions`[0m
  [4;35;1mAccession Load (58.7ms)[0m   [0mSELECT * FROM `Accessions` [0m
  [4;36;1mAccession Load (0.0ms)[0m   [0;1mMysql::Error: No tables used: select *[0m
  [4;35;1mAccession Load (58.9ms)[0m   [0mselect * from Accessions[0m
DEPRECATION WARNING: require "activerecord" is deprecated and will be removed in Rails 3. Use require "active_record" instead. (called from /usr/local/lib/ruby/gems/1.8/gems/activerecord-2.3.10/lib/activerecord.rb:2)
  [4;36;1mAccession Load (0.0ms)[0m   [0;1mMysql::Error: No tables used: select *[0m
  [4;35;1mAccession Load (59.4ms)[0m   [0mselect * from Accessions[0m
  [4;36;1mAccession Load (3.1ms)[0m   [0;1mselect * from Accessions where accessionId = 1[0m
  [4;35;1mAccession Load (0.0ms)[0m   [0mMysql::Error: Unknown column 'accessionIsdfd' in 'where clause': select * from Accessions where accessionIsdfd = 1[0m
  [4;36;1mAccession Load (0.0ms)[0m   [0;1mMysql::Error: Unknown column 'accessionIsdfd' in 'where clause': select * from Accessions where accessionIsdfd = 1[0m
  [4;35;1mAccession Load (2.4ms)[0m   [0mselect * from Accessions where accessionId = 1[0m
  [4;36;1mSQL (0.4ms)[0m   [0;1mSET SQL_AUTO_IS_NULL=0[0m
  [4;35;1mSQL (57.0ms)[0m   [0mselect * from Accessions[0m
  [4;36;1mSQL (8.2ms)[0m   [0;1mselect title, agreementSent, agreementSentDate, agreementReceived, agreementReceivedDate from Accessions[0m
  [4;35;1mSQL (1.5ms)[0m   [0mSHOW TABLES[0m
  [4;36;1mAccession Columns (2.9ms)[0m   [0;1mSHOW FIELDS FROM `Accessions`[0m
  [4;35;1mSQL (1.7ms)[0m   [0mSHOW TABLES[0m
  [4;36;1mSQL (6.7ms)[0m   [0;1mselect title, agreementSent, agreementSentDate, agreementReceived, agreementReceivedDate from Accessions[0m
  [4;35;1mSQL (6.7ms)[0m   [0mselect title, agreementSent, agreementSentDate, agreementReceived, agreementReceivedDate from Accessions[0m
  [4;36;1mSQL (0.4ms)[0m   [0;1mSET SQL_AUTO_IS_NULL=0[0m
  [4;35;1mSQL (1.3ms)[0m   [0mSHOW TABLES[0m
  [4;36;1mAccession Columns (3.0ms)[0m   [0;1mSHOW FIELDS FROM `Accessions`[0m
  [4;36;1mSQL (5.8ms)[0m   [0;1mSET SQL_AUTO_IS_NULL=0[0m
  [4;35;1mSQL (6.2ms)[0m   [0mselect title, agreementSent, agreementSentDate, agreementReceived, agreementReceivedDate from Accessions[0m
  [4;36;1mSQL (6.4ms)[0m   [0;1mselect title, agreementSent, agreementSentDate, agreementReceived, agreementReceivedDate from Accessions[0m
  [4;36;1mSQL (0.1ms)[0m   [0;1mSET SQL_AUTO_IS_NULL=0[0m
  [4;35;1mSQL (35.5ms)[0m   [0mselect title, agreementSent, agreementSentDate, agreementReceived, agreementReceivedDate from Accessions[0m
  [4;36;1mSQL (0.1ms)[0m   [0;1mSET SQL_AUTO_IS_NULL=0[0m


Processing ApplicationController#index (for 127.0.0.1 at 2010-11-10 15:44:04) [GET]

NameError (uninitialized constant ApplcationController):
  app/controllers/accessions_controller.rb:1
  /usr/local/lib/ruby/1.8/webrick/httpserver.rb:104:in `service'
  /usr/local/lib/ruby/1.8/webrick/httpserver.rb:65:in `run'
  /usr/local/lib/ruby/1.8/webrick/server.rb:173:in `start_thread'
  /usr/local/lib/ruby/1.8/webrick/server.rb:162:in `start'
  /usr/local/lib/ruby/1.8/webrick/server.rb:162:in `start_thread'
  /usr/local/lib/ruby/1.8/webrick/server.rb:95:in `start'
  /usr/local/lib/ruby/1.8/webrick/server.rb:92:in `each'
  /usr/local/lib/ruby/1.8/webrick/server.rb:92:in `start'
  /usr/local/lib/ruby/1.8/webrick/server.rb:23:in `start'
  /usr/local/lib/ruby/1.8/webrick/server.rb:82:in `start'

Rendered rescues/_trace (16.5ms)
Rendered rescues/_request_and_response (0.8ms)
Rendering rescues/layout (internal_server_error)
  [4;36;1mSQL (0.1ms)[0m   [0;1mSET SQL_AUTO_IS_NULL=0[0m


Processing ApplicationController#index (for 127.0.0.1 at 2010-11-10 15:44:51) [GET]

LoadError (Expected /home/awead/Projects/Rails/at-report/app/controllers/accessions_controller.rb to define AccessionsController):
  /usr/local/lib/ruby/1.8/webrick/httpserver.rb:104:in `service'
  /usr/local/lib/ruby/1.8/webrick/httpserver.rb:65:in `run'
  /usr/local/lib/ruby/1.8/webrick/server.rb:173:in `start_thread'
  /usr/local/lib/ruby/1.8/webrick/server.rb:162:in `start'
  /usr/local/lib/ruby/1.8/webrick/server.rb:162:in `start_thread'
  /usr/local/lib/ruby/1.8/webrick/server.rb:95:in `start'
  /usr/local/lib/ruby/1.8/webrick/server.rb:92:in `each'
  /usr/local/lib/ruby/1.8/webrick/server.rb:92:in `start'
  /usr/local/lib/ruby/1.8/webrick/server.rb:23:in `start'
  /usr/local/lib/ruby/1.8/webrick/server.rb:82:in `start'

Rendered rescues/_trace (14.2ms)
Rendered rescues/_request_and_response (0.8ms)
Rendering rescues/layout (internal_server_error)
  [4;36;1mSQL (0.1ms)[0m   [0;1mSET SQL_AUTO_IS_NULL=0[0m


Processing AccessionsController#index (for 127.0.0.1 at 2010-11-10 15:45:37) [GET]

ActionView::MissingTemplate (Missing template accessions/index.erb in view path app/views):
  /usr/local/lib/ruby/1.8/webrick/httpserver.rb:104:in `service'
  /usr/local/lib/ruby/1.8/webrick/httpserver.rb:65:in `run'
  /usr/local/lib/ruby/1.8/webrick/server.rb:173:in `start_thread'
  /usr/local/lib/ruby/1.8/webrick/server.rb:162:in `start'
  /usr/local/lib/ruby/1.8/webrick/server.rb:162:in `start_thread'
  /usr/local/lib/ruby/1.8/webrick/server.rb:95:in `start'
  /usr/local/lib/ruby/1.8/webrick/server.rb:92:in `each'
  /usr/local/lib/ruby/1.8/webrick/server.rb:92:in `start'
  /usr/local/lib/ruby/1.8/webrick/server.rb:23:in `start'
  /usr/local/lib/ruby/1.8/webrick/server.rb:82:in `start'

Rendering rescues/layout (internal_server_error)
  [4;36;1mSQL (0.1ms)[0m   [0;1mSET SQL_AUTO_IS_NULL=0[0m


Processing AccessionsController#index (for 127.0.0.1 at 2010-11-10 15:46:21) [GET]
Rendering accessions/index
Completed in 4ms (View: 3, DB: 0) | 200 OK [http://localhost/]
  [4;35;1mSQL (0.1ms)[0m   [0mSET SQL_AUTO_IS_NULL=0[0m


Processing ApplicationController#index (for 127.0.0.1 at 2010-11-10 15:46:27) [GET]

ActionController::RoutingError (No route matches "/agreements" with {:method=>:get}):
  /usr/local/lib/ruby/1.8/webrick/httpserver.rb:104:in `service'
  /usr/local/lib/ruby/1.8/webrick/httpserver.rb:65:in `run'
  /usr/local/lib/ruby/1.8/webrick/server.rb:173:in `start_thread'
  /usr/local/lib/ruby/1.8/webrick/server.rb:162:in `start'
  /usr/local/lib/ruby/1.8/webrick/server.rb:162:in `start_thread'
  /usr/local/lib/ruby/1.8/webrick/server.rb:95:in `start'
  /usr/local/lib/ruby/1.8/webrick/server.rb:92:in `each'
  /usr/local/lib/ruby/1.8/webrick/server.rb:92:in `start'
  /usr/local/lib/ruby/1.8/webrick/server.rb:23:in `start'
  /usr/local/lib/ruby/1.8/webrick/server.rb:82:in `start'

Rendering rescues/layout (not_found)
  [4;36;1mSQL (0.1ms)[0m   [0;1mSET SQL_AUTO_IS_NULL=0[0m


Processing AccessionsController#agreements (for 127.0.0.1 at 2010-11-10 15:48:18) [GET]

NameError (uninitialized constant AccessionsController::Accessions):
  app/controllers/accessions_controller.rb:7:in `agreements'
  /usr/local/lib/ruby/1.8/webrick/httpserver.rb:104:in `service'
  /usr/local/lib/ruby/1.8/webrick/httpserver.rb:65:in `run'
  /usr/local/lib/ruby/1.8/webrick/server.rb:173:in `start_thread'
  /usr/local/lib/ruby/1.8/webrick/server.rb:162:in `start'
  /usr/local/lib/ruby/1.8/webrick/server.rb:162:in `start_thread'
  /usr/local/lib/ruby/1.8/webrick/server.rb:95:in `start'
  /usr/local/lib/ruby/1.8/webrick/server.rb:92:in `each'
  /usr/local/lib/ruby/1.8/webrick/server.rb:92:in `start'
  /usr/local/lib/ruby/1.8/webrick/server.rb:23:in `start'
  /usr/local/lib/ruby/1.8/webrick/server.rb:82:in `start'

Rendered rescues/_trace (17.0ms)
Rendered rescues/_request_and_response (0.8ms)
Rendering rescues/layout (internal_server_error)
  [4;36;1mSQL (0.1ms)[0m   [0;1mSET SQL_AUTO_IS_NULL=0[0m


Processing AccessionsController#agreements (for 127.0.0.1 at 2010-11-10 15:50:08) [GET]
  [4;35;1mSQL (6.7ms)[0m   [0mselect title, agreementSent, agreementSentDate, agreementReceived, agreementReceivedDate from Accessions[0m
Rendering accessions/agreements
Completed in 12ms (View: 3, DB: 7) | 200 OK [http://localhost/agreements]
  [4;36;1mSQL (0.2ms)[0m   [0;1mSET SQL_AUTO_IS_NULL=0[0m
  [4;35;1mSQL (6.6ms)[0m   [0mselect title, agreementSent, agreementSentDate, agreementReceived, agreementReceivedDate from Accessions[0m
  [4;36;1mSQL (0.2ms)[0m   [0;1mSET SQL_AUTO_IS_NULL=0[0m
  [4;35;1mSQL (23.1ms)[0m   [0mSELECT title as 'Title', agreementSent as 'Sent', agreementSentDate as 'Date Sent', agreementReceived as 'Received', agreementReceivedDate as 'Received Date' FROM `Accessions` WHERE agreementReceived is NULL[0m
  [4;36;1mSQL (0.1ms)[0m   [0;1mSET SQL_AUTO_IS_NULL=0[0m


Processing AccessionsController#agreements (for 127.0.0.1 at 2010-11-10 16:08:59) [GET]
  [4;35;1mSQL (5.3ms)[0m   [0mSELECT title as 'Title', agreementSent as 'Sent', agreementSentDate as 'Date Sent', agreementReceived as 'Received', agreementReceivedDate as 'Date Received' FROM `Accessions` WHERE agreementReceived is NULL[0m
Rendering accessions/agreements

ActionView::TemplateError (undefined method `field_names' for #<Mysql::Result>) on line #3 of app/views/accessions/agreements.html.erb:
1: <table>
2: <tr>
3: <% @results.field_names.each do |f| %>
4:   <th><%= f.name %></tr>
5: <% end %>
6: </tr>

    app/views/accessions/agreements.html.erb:3
    /usr/local/lib/ruby/1.8/webrick/httpserver.rb:104:in `service'
    /usr/local/lib/ruby/1.8/webrick/httpserver.rb:65:in `run'
    /usr/local/lib/ruby/1.8/webrick/server.rb:173:in `start_thread'
    /usr/local/lib/ruby/1.8/webrick/server.rb:162:in `start'
    /usr/local/lib/ruby/1.8/webrick/server.rb:162:in `start_thread'
    /usr/local/lib/ruby/1.8/webrick/server.rb:95:in `start'
    /usr/local/lib/ruby/1.8/webrick/server.rb:92:in `each'
    /usr/local/lib/ruby/1.8/webrick/server.rb:92:in `start'
    /usr/local/lib/ruby/1.8/webrick/server.rb:23:in `start'
    /usr/local/lib/ruby/1.8/webrick/server.rb:82:in `start'

Rendered rescues/_trace (21.1ms)
Rendered rescues/_request_and_response (0.8ms)
Rendering rescues/layout (internal_server_error)
  [4;36;1mSQL (0.1ms)[0m   [0;1mSET SQL_AUTO_IS_NULL=0[0m


Processing AccessionsController#agreements (for 127.0.0.1 at 2010-11-10 16:09:23) [GET]
  [4;35;1mSQL (5.4ms)[0m   [0mSELECT title as 'Title', agreementSent as 'Sent', agreementSentDate as 'Date Sent', agreementReceived as 'Received', agreementReceivedDate as 'Date Received' FROM `Accessions` WHERE agreementReceived is NULL[0m
Rendering accessions/agreements
Completed in 10ms (View: 2, DB: 5) | 200 OK [http://localhost/agreements]
  [4;36;1mSQL (0.1ms)[0m   [0;1mSET SQL_AUTO_IS_NULL=0[0m


Processing AccessionsController#agreements (for 127.0.0.1 at 2010-11-10 16:09:45) [GET]
  [4;35;1mSQL (5.5ms)[0m   [0mSELECT title as 'Title', agreementSent as 'Sent', agreementSentDate as 'Date Sent', agreementReceived as 'Received', agreementReceivedDate as 'Date Received' FROM `Accessions` WHERE agreementReceived is NULL[0m
Rendering accessions/agreements
Completed in 9ms (View: 2, DB: 6) | 200 OK [http://localhost/agreements]
  [4;36;1mSQL (5.4ms)[0m   [0;1mSELECT title as 'Title', agreementSent as 'Sent', agreementSentDate as 'Date Sent', agreementReceived as 'Received', agreementReceivedDate as 'Received Date' FROM `Accessions` WHERE agreementReceived is NULL[0m
  [4;35;1mSQL (5.3ms)[0m   [0mSELECT title as 'Title', agreementSent as 'Sent', agreementSentDate as 'Date Sent', agreementReceived as 'Received', agreementReceivedDate as 'Received Date' FROM `Accessions` WHERE agreementReceived is NULL[0m
  [4;36;1mSQL (0.1ms)[0m   [0;1mSET SQL_AUTO_IS_NULL=0[0m


Processing AccessionsController#agreements (for 127.0.0.1 at 2010-11-10 16:17:20) [GET]
  [4;35;1mSQL (5.4ms)[0m   [0mSELECT title as 'Title', agreementSent as 'Sent', agreementSentDate as 'Date Sent', agreementReceived as 'Received', agreementReceivedDate as 'Date Received' FROM `Accessions` WHERE agreementReceived is NULL[0m
Rendering accessions/agreements
ERROR: compiling _run_erb_app47views47accessions47agreements46html46erb RAISED compile error
/home/awead/Projects/Rails/at-report/app/views/accessions/agreements.html.erb:11: syntax error, unexpected kENSURE, expecting kEND
/home/awead/Projects/Rails/at-report/app/views/accessions/agreements.html.erb:13: syntax error, unexpected $end, expecting kEND
Function body:           def _run_erb_app47views47accessions47agreements46html46erb(local_assigns)
            old_output_buffer = output_buffer;;@output_buffer = '';  __in_erb_template=true ; @output_buffer.concat "<table border=2>\n<tr>\n"

;  @results.fetch_fields.each do |f| ; @output_buffer.concat "\n  <th>"
; @output_buffer.concat(( f.name ).to_s); @output_buffer.concat "</th>\n"
;  end ; @output_buffer.concat "\n<tr>\n"

;  @results.each do |r| ; @output_buffer.concat "\n<tr><td>"
;  r.join("</td><td>") ; @output_buffer.concat "</td></tr>\n</table> \n"

; @output_buffer
          ensure
            self.output_buffer = old_output_buffer
          end
Backtrace: /home/awead/Projects/Rails/at-report/app/views/accessions/agreements.html.erb:13:in `compile!'
/usr/local/lib/ruby/gems/1.8/gems/actionpack-2.3.10/lib/action_view/renderable.rb:61:in `compile'
/usr/local/lib/ruby/gems/1.8/gems/actionpack-2.3.10/lib/action_view/renderable.rb:28:in `render'
/usr/local/lib/ruby/gems/1.8/gems/actionpack-2.3.10/lib/action_view/template.rb:205:in `render_template'
/usr/local/lib/ruby/gems/1.8/gems/actionpack-2.3.10/lib/action_view/base.rb:265:in `render'
/usr/local/lib/ruby/gems/1.8/gems/actionpack-2.3.10/lib/action_controller/base.rb:1252:in `render_for_file'
/usr/local/lib/ruby/gems/1.8/gems/actionpack-2.3.10/lib/action_controller/base.rb:936:in `render_without_benchmark'
/usr/local/lib/ruby/gems/1.8/gems/actionpack-2.3.10/lib/action_controller/benchmarking.rb:51:in `render'
/usr/local/lib/ruby/gems/1.8/gems/activesupport-2.3.10/lib/active_support/core_ext/benchmark.rb:17:in `ms'
/usr/local/lib/ruby/1.8/benchmark.rb:308:in `realtime'
/usr/local/lib/ruby/gems/1.8/gems/activesupport-2.3.10/lib/active_support/core_ext/benchmark.rb:17:in `ms'
/usr/local/lib/ruby/gems/1.8/gems/actionpack-2.3.10/lib/action_controller/benchmarking.rb:51:in `render'
/usr/local/lib/ruby/gems/1.8/gems/actionpack-2.3.10/lib/action_controller/base.rb:1328:in `default_render'
/usr/local/lib/ruby/gems/1.8/gems/actionpack-2.3.10/lib/action_controller/base.rb:1334:in `perform_action_without_filters'
/usr/local/lib/ruby/gems/1.8/gems/actionpack-2.3.10/lib/action_controller/filters.rb:617:in `call_filters'
/usr/local/lib/ruby/gems/1.8/gems/actionpack-2.3.10/lib/action_controller/filters.rb:610:in `perform_action_without_benchmark'
/usr/local/lib/ruby/gems/1.8/gems/actionpack-2.3.10/lib/action_controller/benchmarking.rb:68:in `perform_action_without_rescue'
/usr/local/lib/ruby/gems/1.8/gems/activesupport-2.3.10/lib/active_support/core_ext/benchmark.rb:17:in `ms'
/usr/local/lib/ruby/1.8/benchmark.rb:308:in `realtime'
/usr/local/lib/ruby/gems/1.8/gems/activesupport-2.3.10/lib/active_support/core_ext/benchmark.rb:17:in `ms'
/usr/local/lib/ruby/gems/1.8/gems/actionpack-2.3.10/lib/action_controller/benchmarking.rb:68:in `perform_action_without_rescue'
/usr/local/lib/ruby/gems/1.8/gems/actionpack-2.3.10/lib/action_controller/rescue.rb:160:in `perform_action_without_flash'
/usr/local/lib/ruby/gems/1.8/gems/actionpack-2.3.10/lib/action_controller/flash.rb:151:in `perform_action'
/usr/local/lib/ruby/gems/1.8/gems/actionpack-2.3.10/lib/action_controller/base.rb:532:in `send'
/usr/local/lib/ruby/gems/1.8/gems/actionpack-2.3.10/lib/action_controller/base.rb:532:in `process_without_filters'
/usr/local/lib/ruby/gems/1.8/gems/actionpack-2.3.10/lib/action_controller/filters.rb:606:in `process'
/usr/local/lib/ruby/gems/1.8/gems/actionpack-2.3.10/lib/action_controller/base.rb:391:in `process'
/usr/local/lib/ruby/gems/1.8/gems/actionpack-2.3.10/lib/action_controller/base.rb:386:in `call'
/usr/local/lib/ruby/gems/1.8/gems/actionpack-2.3.10/lib/action_controller/routing/route_set.rb:438:in `call'
/usr/local/lib/ruby/gems/1.8/gems/actionpack-2.3.10/lib/action_controller/dispatcher.rb:87:in `dispatch'
/usr/local/lib/ruby/gems/1.8/gems/actionpack-2.3.10/lib/action_controller/dispatcher.rb:121:in `_call'
/usr/local/lib/ruby/gems/1.8/gems/actionpack-2.3.10/lib/action_controller/dispatcher.rb:130:in `build_middleware_stack'
/usr/local/lib/ruby/gems/1.8/gems/activerecord-2.3.10/lib/active_record/query_cache.rb:29:in `call'
/usr/local/lib/ruby/gems/1.8/gems/activerecord-2.3.10/lib/active_record/query_cache.rb:29:in `call'
/usr/local/lib/ruby/gems/1.8/gems/activerecord-2.3.10/lib/active_record/connection_adapters/abstract/query_cache.rb:34:in `cache'
/usr/local/lib/ruby/gems/1.8/gems/activerecord-2.3.10/lib/active_record/query_cache.rb:9:in `cache'
/usr/local/lib/ruby/gems/1.8/gems/activerecord-2.3.10/lib/active_record/query_cache.rb:28:in `call'
/usr/local/lib/ruby/gems/1.8/gems/activerecord-2.3.10/lib/active_record/connection_adapters/abstract/connection_pool.rb:361:in `call'
/usr/local/lib/ruby/gems/1.8/gems/actionpack-2.3.10/lib/action_controller/string_coercion.rb:25:in `call'
/usr/local/lib/ruby/gems/1.8/gems/rack-1.1.0/lib/rack/head.rb:9:in `call'
/usr/local/lib/ruby/gems/1.8/gems/rack-1.1.0/lib/rack/methodoverride.rb:24:in `call'
/usr/local/lib/ruby/gems/1.8/gems/actionpack-2.3.10/lib/action_controller/params_parser.rb:15:in `call'
/usr/local/lib/ruby/gems/1.8/gems/actionpack-2.3.10/lib/action_controller/session/cookie_store.rb:100:in `call'
/usr/local/lib/ruby/gems/1.8/gems/actionpack-2.3.10/lib/action_controller/failsafe.rb:26:in `call'
/usr/local/lib/ruby/gems/1.8/gems/rack-1.1.0/lib/rack/lock.rb:11:in `call'
/usr/local/lib/ruby/gems/1.8/gems/rack-1.1.0/lib/rack/lock.rb:11:in `synchronize'
/usr/local/lib/ruby/gems/1.8/gems/rack-1.1.0/lib/rack/lock.rb:11:in `call'
/usr/local/lib/ruby/gems/1.8/gems/actionpack-2.3.10/lib/action_controller/dispatcher.rb:114:in `call'
/usr/local/lib/ruby/gems/1.8/gems/actionpack-2.3.10/lib/action_controller/reloader.rb:34:in `run'
/usr/local/lib/ruby/gems/1.8/gems/actionpack-2.3.10/lib/action_controller/dispatcher.rb:108:in `call'
/usr/local/lib/ruby/gems/1.8/gems/rails-2.3.10/lib/rails/rack/static.rb:31:in `call'
/usr/local/lib/ruby/gems/1.8/gems/rack-1.1.0/lib/rack/urlmap.rb:47:in `call'
/usr/local/lib/ruby/gems/1.8/gems/rack-1.1.0/lib/rack/urlmap.rb:41:in `each'
/usr/local/lib/ruby/gems/1.8/gems/rack-1.1.0/lib/rack/urlmap.rb:41:in `call'
/usr/local/lib/ruby/gems/1.8/gems/rails-2.3.10/lib/rails/rack/log_tailer.rb:17:in `call'
/usr/local/lib/ruby/gems/1.8/gems/rack-1.1.0/lib/rack/content_length.rb:13:in `call'
/usr/local/lib/ruby/gems/1.8/gems/rack-1.1.0/lib/rack/handler/webrick.rb:48:in `service'
/usr/local/lib/ruby/1.8/webrick/httpserver.rb:104:in `service'
/usr/local/lib/ruby/1.8/webrick/httpserver.rb:65:in `run'
/usr/local/lib/ruby/1.8/webrick/server.rb:173:in `start_thread'
/usr/local/lib/ruby/1.8/webrick/server.rb:162:in `start'
/usr/local/lib/ruby/1.8/webrick/server.rb:162:in `start_thread'
/usr/local/lib/ruby/1.8/webrick/server.rb:95:in `start'
/usr/local/lib/ruby/1.8/webrick/server.rb:92:in `each'
/usr/local/lib/ruby/1.8/webrick/server.rb:92:in `start'
/usr/local/lib/ruby/1.8/webrick/server.rb:23:in `start'
/usr/local/lib/ruby/1.8/webrick/server.rb:82:in `start'
/usr/local/lib/ruby/gems/1.8/gems/rack-1.1.0/lib/rack/handler/webrick.rb:14:in `run'
/usr/local/lib/ruby/gems/1.8/gems/rails-2.3.10/lib/commands/server.rb:111
/usr/local/lib/ruby/site_ruby/1.8/rubygems/custom_require.rb:31:in `gem_original_require'
/usr/local/lib/ruby/site_ruby/1.8/rubygems/custom_require.rb:31:in `require'
script/server:3

ActionView::TemplateError (compile error
/home/awead/Projects/Rails/at-report/app/views/accessions/agreements.html.erb:11: syntax error, unexpected kENSURE, expecting kEND
/home/awead/Projects/Rails/at-report/app/views/accessions/agreements.html.erb:13: syntax error, unexpected $end, expecting kEND) on line #11 of app/views/accessions/agreements.html.erb:
8: <tr><td><% r.join("</td><td>") %></td></tr>
9: </table> 

    app/views/accessions/agreements.html.erb:13:in `compile!'
    /usr/local/lib/ruby/1.8/webrick/httpserver.rb:104:in `service'
    /usr/local/lib/ruby/1.8/webrick/httpserver.rb:65:in `run'
    /usr/local/lib/ruby/1.8/webrick/server.rb:173:in `start_thread'
    /usr/local/lib/ruby/1.8/webrick/server.rb:162:in `start'
    /usr/local/lib/ruby/1.8/webrick/server.rb:162:in `start_thread'
    /usr/local/lib/ruby/1.8/webrick/server.rb:95:in `start'
    /usr/local/lib/ruby/1.8/webrick/server.rb:92:in `each'
    /usr/local/lib/ruby/1.8/webrick/server.rb:92:in `start'
    /usr/local/lib/ruby/1.8/webrick/server.rb:23:in `start'
    /usr/local/lib/ruby/1.8/webrick/server.rb:82:in `start'

Rendered rescues/_trace (17.9ms)
Rendered rescues/_request_and_response (0.2ms)
Rendering rescues/layout (internal_server_error)
  [4;36;1mSQL (0.1ms)[0m   [0;1mSET SQL_AUTO_IS_NULL=0[0m


Processing AccessionsController#agreements (for 127.0.0.1 at 2010-11-10 16:17:45) [GET]
  [4;35;1mSQL (5.4ms)[0m   [0mSELECT title as 'Title', agreementSent as 'Sent', agreementSentDate as 'Date Sent', agreementReceived as 'Received', agreementReceivedDate as 'Date Received' FROM `Accessions` WHERE agreementReceived is NULL[0m
Rendering accessions/agreements
Completed in 11ms (View: 4, DB: 6) | 200 OK [http://localhost/agreements]
  [4;36;1mSQL (0.1ms)[0m   [0;1mSET SQL_AUTO_IS_NULL=0[0m


Processing AccessionsController#agreements (for 127.0.0.1 at 2010-11-10 16:17:59) [GET]
  [4;35;1mSQL (5.4ms)[0m   [0mSELECT title as 'Title', agreementSent as 'Sent', agreementSentDate as 'Date Sent', agreementReceived as 'Received', agreementReceivedDate as 'Date Received' FROM `Accessions` WHERE agreementReceived is NULL[0m
Rendering accessions/agreements
Completed in 12ms (View: 5, DB: 6) | 200 OK [http://localhost/agreements]
  [4;36;1mSQL (0.1ms)[0m   [0;1mSET SQL_AUTO_IS_NULL=0[0m


Processing AccessionsController#agreements (for 127.0.0.1 at 2010-11-10 16:18:00) [GET]
  [4;35;1mSQL (5.4ms)[0m   [0mSELECT title as 'Title', agreementSent as 'Sent', agreementSentDate as 'Date Sent', agreementReceived as 'Received', agreementReceivedDate as 'Date Received' FROM `Accessions` WHERE agreementReceived is NULL[0m
Rendering accessions/agreements
Completed in 9ms (View: 1, DB: 5) | 200 OK [http://localhost/agreements]
  [4;36;1mSQL (0.1ms)[0m   [0;1mSET SQL_AUTO_IS_NULL=0[0m


Processing AccessionsController#agreements (for 127.0.0.1 at 2010-11-10 16:18:59) [GET]
  [4;35;1mSQL (5.2ms)[0m   [0mSELECT title as 'Title', agreementSent as 'Sent', agreementSentDate as 'Date Sent', agreementReceived as 'Received', agreementReceivedDate as 'Date Received' FROM Accessions WHERE agreementReceived is NULL[0m
Rendering accessions/agreements
Completed in 11ms (View: 4, DB: 5) | 200 OK [http://localhost/agreements]
  [4;36;1mSQL (0.1ms)[0m   [0;1mSET SQL_AUTO_IS_NULL=0[0m


Processing AccessionsController#agreements (for 127.0.0.1 at 2010-11-10 16:19:01) [GET]
  [4;35;1mSQL (5.3ms)[0m   [0mSELECT title as 'Title', agreementSent as 'Sent', agreementSentDate as 'Date Sent', agreementReceived as 'Received', agreementReceivedDate as 'Date Received' FROM Accessions WHERE agreementReceived is NULL[0m
Rendering accessions/agreements
Completed in 8ms (View: 1, DB: 5) | 200 OK [http://localhost/agreements]
  [4;36;1mSQL (0.1ms)[0m   [0;1mSET SQL_AUTO_IS_NULL=0[0m
  [4;35;1mSQL (5.3ms)[0m   [0mSELECT title as 'Title', agreementSent as 'Sent', agreementSentDate as 'Date Sent', agreementReceived as 'Received', agreementReceivedDate as 'Date Received' FROM Accessions WHERE agreementReceived is NULL[0m
  [4;36;1mSQL (0.1ms)[0m   [0;1mSET SQL_AUTO_IS_NULL=0[0m


Processing AccessionsController#agreements (for 127.0.0.1 at 2010-11-10 16:19:58) [GET]
  [4;35;1mSQL (5.4ms)[0m   [0mSELECT title as 'Title', agreementSent as 'Sent', agreementSentDate as 'Date Sent', agreementReceived as 'Received', agreementReceivedDate as 'Date Received' FROM Accessions WHERE agreementReceived is NULL[0m
Rendering accessions/agreements
Completed in 11ms (View: 4, DB: 5) | 200 OK [http://localhost/agreements]
  [4;36;1mSQL (0.1ms)[0m   [0;1mSET SQL_AUTO_IS_NULL=0[0m


Processing AccessionsController#agreements (for 127.0.0.1 at 2010-11-10 16:24:37) [GET]
  [4;35;1mSQL (5.5ms)[0m   [0mSELECT title as 'Title', agreementSent as 'Sent', agreementSentDate as 'Date Sent', agreementReceived as 'Received', agreementReceivedDate as 'Date Received' FROM Accessions WHERE agreementReceived is NULL[0m
Rendering accessions/agreements
Completed in 12ms (View: 4, DB: 6) | 200 OK [http://localhost/agreements]
